<?xml version="1.0" encoding="UTF-8"?>
<robot generator="Robot 6.1.1 (Python 3.9.5 on win32)" generated="20240129 14:46:12.685" rpa="false" schemaversion="4">
<suite id="s1" name="TestCase1" source="d:\PANG\workspace\AutomateTestRobot\TestCase1.Robot">
<kw name="Open Browser" library="SeleniumLibrary" type="SETUP">
<arg>http://automationexercise.com</arg>
<arg>gc</arg>
<doc>Opens a new browser instance to the optional ``url``.</doc>
<msg timestamp="20240129 14:46:12.901" level="INFO">Opening browser 'gc' to base url 'http://automationexercise.com'.</msg>
<status status="PASS" starttime="20240129 14:46:12.900" endtime="20240129 14:46:18.557"/>
</kw>
<test id="s1-t1" name="Register User" line="123">
<kw name="Wait Until Page Contains Element" library="SeleniumLibrary">
<arg>//*[@id="slider"]</arg>
<doc>Waits until the element ``locator`` appears on the current page.</doc>
<status status="PASS" starttime="20240129 14:46:18.559" endtime="20240129 14:46:18.574"/>
</kw>
<kw name="Page Should Contain Element" library="SeleniumLibrary">
<arg>//*[@id="slider"]</arg>
<doc>Verifies that element ``locator`` is found on the current page.</doc>
<msg timestamp="20240129 14:46:18.582" level="INFO">Current page contains element '//*[@id="slider"]'.</msg>
<status status="PASS" starttime="20240129 14:46:18.575" endtime="20240129 14:46:18.582"/>
</kw>
<kw name="Click Signup Element">
<kw name="Click Element" library="SeleniumLibrary">
<arg>//*[@id="header"]/div/div/div/div[2]/div/ul/li[4]/a</arg>
<doc>Click the element identified by ``locator``.</doc>
<msg timestamp="20240129 14:46:18.584" level="INFO">Clicking element '//*[@id="header"]/div/div/div/div[2]/div/ul/li[4]/a'.</msg>
<status status="PASS" starttime="20240129 14:46:18.583" endtime="20240129 14:46:20.793"/>
</kw>
<status status="PASS" starttime="20240129 14:46:18.583" endtime="20240129 14:46:20.794"/>
</kw>
<kw name="Wait Until Page Contains" library="SeleniumLibrary">
<arg>New User Signup!</arg>
<doc>Waits until ``text`` appears on the current page.</doc>
<status status="PASS" starttime="20240129 14:46:20.794" endtime="20240129 14:46:20.809"/>
</kw>
<kw name="Page Should Contain" library="SeleniumLibrary">
<arg>New User Signup!</arg>
<doc>Verifies that current page contains ``text``.</doc>
<msg timestamp="20240129 14:46:20.822" level="INFO">Current page contains text 'New User Signup!'.</msg>
<status status="PASS" starttime="20240129 14:46:20.810" endtime="20240129 14:46:20.822"/>
</kw>
<kw name="Input name">
<arg>${name}</arg>
<kw name="Input Text" library="SeleniumLibrary">
<arg>//*[@name="name"]</arg>
<arg>${name}</arg>
<doc>Types the given ``text`` into the text field identified by ``locator``.</doc>
<msg timestamp="20240129 14:46:20.825" level="INFO">Typing text 'pimchar' into text field '//*[@name="name"]'.</msg>
<status status="PASS" starttime="20240129 14:46:20.824" endtime="20240129 14:46:20.916"/>
</kw>
<status status="PASS" starttime="20240129 14:46:20.823" endtime="20240129 14:46:20.916"/>
</kw>
<kw name="Input Email">
<arg>${email}</arg>
<kw name="Input Text" library="SeleniumLibrary">
<arg>//*[@id="form"]/div/div/div[3]/div/form/input[3]</arg>
<arg>${email}</arg>
<doc>Types the given ``text`` into the text field identified by ``locator``.</doc>
<msg timestamp="20240129 14:46:20.918" level="INFO">Typing text 'pimnaree.char@gmail.com' into text field '//*[@id="form"]/div/div/div[3]/div/form/input[3]'.</msg>
<status status="PASS" starttime="20240129 14:46:20.917" endtime="20240129 14:46:21.061"/>
</kw>
<status status="PASS" starttime="20240129 14:46:20.917" endtime="20240129 14:46:21.061"/>
</kw>
<kw name="Click Signup Button">
<kw name="Click Button" library="SeleniumLibrary">
<arg>//*[@id="form"]/div/div/div[3]/div/form/button</arg>
<doc>Clicks the button identified by ``locator``.</doc>
<msg timestamp="20240129 14:46:21.063" level="INFO">Clicking button '//*[@id="form"]/div/div/div[3]/div/form/button'.</msg>
<status status="PASS" starttime="20240129 14:46:21.062" endtime="20240129 14:46:21.968"/>
</kw>
<status status="PASS" starttime="20240129 14:46:21.062" endtime="20240129 14:46:21.968"/>
</kw>
<kw name="Wait Until Page Contains Element" library="SeleniumLibrary">
<arg>//*[@id="form"]/div/div/div/div[1]/h2/b</arg>
<doc>Waits until the element ``locator`` appears on the current page.</doc>
<status status="PASS" starttime="20240129 14:46:21.968" endtime="20240129 14:46:22.009"/>
</kw>
<kw name="Page Should Contain Element" library="SeleniumLibrary">
<arg>//*[@id="form"]/div/div/div/div[1]/h2/b</arg>
<doc>Verifies that element ``locator`` is found on the current page.</doc>
<msg timestamp="20240129 14:46:22.017" level="INFO">Current page contains element '//*[@id="form"]/div/div/div/div[1]/h2/b'.</msg>
<status status="PASS" starttime="20240129 14:46:22.010" endtime="20240129 14:46:22.019"/>
</kw>
<kw name="Checked Title">
<kw name="Click Element" library="SeleniumLibrary">
<arg>//*[@id="id_gender2"]</arg>
<doc>Click the element identified by ``locator``.</doc>
<msg timestamp="20240129 14:46:22.020" level="INFO">Clicking element '//*[@id="id_gender2"]'.</msg>
<status status="PASS" starttime="20240129 14:46:22.020" endtime="20240129 14:46:22.212"/>
</kw>
<status status="PASS" starttime="20240129 14:46:22.019" endtime="20240129 14:46:22.212"/>
</kw>
<kw name="Input password">
<arg>${password}</arg>
<kw name="Input Text" library="SeleniumLibrary">
<arg>//*[@id="password"]</arg>
<arg>${password}</arg>
<doc>Types the given ``text`` into the text field identified by ``locator``.</doc>
<msg timestamp="20240129 14:46:22.215" level="INFO">Typing text 'Panggy1234' into text field '//*[@id="password"]'.</msg>
<status status="PASS" starttime="20240129 14:46:22.214" endtime="20240129 14:46:22.336"/>
</kw>
<status status="PASS" starttime="20240129 14:46:22.213" endtime="20240129 14:46:22.337"/>
</kw>
<kw name="Click BDate">
<kw name="Click Element" library="SeleniumLibrary">
<arg>//*[@id="days"]</arg>
<doc>Click the element identified by ``locator``.</doc>
<msg timestamp="20240129 14:46:22.339" level="INFO">Clicking element '//*[@id="days"]'.</msg>
<status status="PASS" starttime="20240129 14:46:22.338" endtime="20240129 14:46:22.427"/>
</kw>
<status status="PASS" starttime="20240129 14:46:22.337" endtime="20240129 14:46:22.428"/>
</kw>
<kw name="Select BDate">
<kw name="Click Element" library="SeleniumLibrary">
<arg>//*[@id="days"]/option[2]</arg>
<doc>Click the element identified by ``locator``.</doc>
<msg timestamp="20240129 14:46:22.430" level="INFO">Clicking element '//*[@id="days"]/option[2]'.</msg>
<status status="PASS" starttime="20240129 14:46:22.428" endtime="20240129 14:46:22.465"/>
</kw>
<status status="PASS" starttime="20240129 14:46:22.428" endtime="20240129 14:46:22.466"/>
</kw>
<kw name="Click BMonth">
<kw name="Click Element" library="SeleniumLibrary">
<arg>//*[@id="months"]</arg>
<doc>Click the element identified by ``locator``.</doc>
<msg timestamp="20240129 14:46:22.467" level="INFO">Clicking element '//*[@id="months"]'.</msg>
<status status="PASS" starttime="20240129 14:46:22.467" endtime="20240129 14:46:22.571"/>
</kw>
<status status="PASS" starttime="20240129 14:46:22.466" endtime="20240129 14:46:22.572"/>
</kw>
<kw name="Select BMonth">
<kw name="Click Element" library="SeleniumLibrary">
<arg>//*[@id="months"]/option[2]</arg>
<doc>Click the element identified by ``locator``.</doc>
<msg timestamp="20240129 14:46:22.574" level="INFO">Clicking element '//*[@id="months"]/option[2]'.</msg>
<status status="PASS" starttime="20240129 14:46:22.573" endtime="20240129 14:46:22.628"/>
</kw>
<status status="PASS" starttime="20240129 14:46:22.572" endtime="20240129 14:46:22.629"/>
</kw>
<kw name="Click BYear">
<kw name="Click Element" library="SeleniumLibrary">
<arg>//*[@id="years"]</arg>
<doc>Click the element identified by ``locator``.</doc>
<msg timestamp="20240129 14:46:22.631" level="INFO">Clicking element '//*[@id="years"]'.</msg>
<status status="PASS" starttime="20240129 14:46:22.630" endtime="20240129 14:46:22.898"/>
</kw>
<status status="PASS" starttime="20240129 14:46:22.629" endtime="20240129 14:46:22.898"/>
</kw>
<kw name="Select BYear">
<kw name="Click Element" library="SeleniumLibrary">
<arg>//*[@id="years"]/option[2]</arg>
<doc>Click the element identified by ``locator``.</doc>
<msg timestamp="20240129 14:46:22.900" level="INFO">Clicking element '//*[@id="years"]/option[2]'.</msg>
<status status="PASS" starttime="20240129 14:46:22.899" endtime="20240129 14:46:22.943"/>
</kw>
<status status="PASS" starttime="20240129 14:46:22.899" endtime="20240129 14:46:22.944"/>
</kw>
<kw name="Checked Checkbox newsletter">
<kw name="Click Element" library="SeleniumLibrary">
<arg>//*[@id="newsletter"]</arg>
<doc>Click the element identified by ``locator``.</doc>
<msg timestamp="20240129 14:46:22.946" level="INFO">Clicking element '//*[@id="newsletter"]'.</msg>
<status status="PASS" starttime="20240129 14:46:22.945" endtime="20240129 14:46:23.013"/>
</kw>
<status status="PASS" starttime="20240129 14:46:22.944" endtime="20240129 14:46:23.013"/>
</kw>
<kw name="Checked Checkbox option">
<kw name="Click Element" library="SeleniumLibrary">
<arg>//*[@id="optin"]</arg>
<doc>Click the element identified by ``locator``.</doc>
<msg timestamp="20240129 14:46:23.015" level="INFO">Clicking element '//*[@id="optin"]'.</msg>
<status status="PASS" starttime="20240129 14:46:23.014" endtime="20240129 14:46:23.057"/>
</kw>
<status status="PASS" starttime="20240129 14:46:23.013" endtime="20240129 14:46:23.058"/>
</kw>
<kw name="Input firstName">
<arg>${firstname}</arg>
<kw name="Input Text" library="SeleniumLibrary">
<arg>//*[@id="first_name"]</arg>
<arg>${firstname}</arg>
<doc>Types the given ``text`` into the text field identified by ``locator``.</doc>
<msg timestamp="20240129 14:46:23.060" level="INFO">Typing text 'pim' into text field '//*[@id="first_name"]'.</msg>
<status status="PASS" starttime="20240129 14:46:23.059" endtime="20240129 14:46:23.140"/>
</kw>
<status status="PASS" starttime="20240129 14:46:23.058" endtime="20240129 14:46:23.140"/>
</kw>
<kw name="Input lastName">
<arg>${lastname}</arg>
<kw name="Input Text" library="SeleniumLibrary">
<arg>//*[@id="last_name"]</arg>
<arg>${lastname}</arg>
<doc>Types the given ``text`` into the text field identified by ``locator``.</doc>
<msg timestamp="20240129 14:46:23.143" level="INFO">Typing text 'char' into text field '//*[@id="last_name"]'.</msg>
<status status="PASS" starttime="20240129 14:46:23.141" endtime="20240129 14:46:23.227"/>
</kw>
<status status="PASS" starttime="20240129 14:46:23.141" endtime="20240129 14:46:23.227"/>
</kw>
<kw name="Input company">
<arg>${company}</arg>
<kw name="Input Text" library="SeleniumLibrary">
<arg>//*[@id="company"]</arg>
<arg>${company}</arg>
<doc>Types the given ``text`` into the text field identified by ``locator``.</doc>
<msg timestamp="20240129 14:46:23.229" level="INFO">Typing text 'University of Phayao' into text field '//*[@id="company"]'.</msg>
<status status="PASS" starttime="20240129 14:46:23.229" endtime="20240129 14:46:23.339"/>
</kw>
<status status="PASS" starttime="20240129 14:46:23.228" endtime="20240129 14:46:23.339"/>
</kw>
<kw name="Input address1">
<arg>${address1}</arg>
<kw name="Input Text" library="SeleniumLibrary">
<arg>//*[@id="address1"]</arg>
<arg>${address1}</arg>
<doc>Types the given ``text`` into the text field identified by ``locator``.</doc>
<msg timestamp="20240129 14:46:23.342" level="INFO">Typing text '18 moo 8' into text field '//*[@id="address1"]'.</msg>
<status status="PASS" starttime="20240129 14:46:23.341" endtime="20240129 14:46:23.426"/>
</kw>
<status status="PASS" starttime="20240129 14:46:23.340" endtime="20240129 14:46:23.426"/>
</kw>
<kw name="Input address2">
<arg>${address2}</arg>
<kw name="Input Text" library="SeleniumLibrary">
<arg>//*[@id="address2"]</arg>
<arg>${address2}</arg>
<doc>Types the given ``text`` into the text field identified by ``locator``.</doc>
<msg timestamp="20240129 14:46:23.428" level="INFO">Typing text '-' into text field '//*[@id="address2"]'.</msg>
<status status="PASS" starttime="20240129 14:46:23.427" endtime="20240129 14:46:23.500"/>
</kw>
<status status="PASS" starttime="20240129 14:46:23.427" endtime="20240129 14:46:23.500"/>
</kw>
<kw name="Click contry">
<kw name="Click Element" library="SeleniumLibrary">
<arg>//*[@id="country"]</arg>
<doc>Click the element identified by ``locator``.</doc>
<msg timestamp="20240129 14:46:23.502" level="INFO">Clicking element '//*[@id="country"]'.</msg>
<status status="PASS" starttime="20240129 14:46:23.501" endtime="20240129 14:46:23.613"/>
</kw>
<status status="PASS" starttime="20240129 14:46:23.500" endtime="20240129 14:46:23.613"/>
</kw>
<kw name="Select contry">
<kw name="Click Element" library="SeleniumLibrary">
<arg>//*[@id="country"]/option[2]</arg>
<doc>Click the element identified by ``locator``.</doc>
<msg timestamp="20240129 14:46:23.616" level="INFO">Clicking element '//*[@id="country"]/option[2]'.</msg>
<status status="PASS" starttime="20240129 14:46:23.615" endtime="20240129 14:46:23.646"/>
</kw>
<status status="PASS" starttime="20240129 14:46:23.613" endtime="20240129 14:46:23.646"/>
</kw>
<kw name="Input state">
<arg>${state}</arg>
<kw name="Input Text" library="SeleniumLibrary">
<arg>//*[@id="state"]</arg>
<arg>${state}</arg>
<doc>Types the given ``text`` into the text field identified by ``locator``.</doc>
<msg timestamp="20240129 14:46:23.648" level="INFO">Typing text 'alaska' into text field '//*[@id="state"]'.</msg>
<status status="PASS" starttime="20240129 14:46:23.647" endtime="20240129 14:46:23.734"/>
</kw>
<status status="PASS" starttime="20240129 14:46:23.646" endtime="20240129 14:46:23.735"/>
</kw>
<kw name="Input city">
<arg>${city}</arg>
<kw name="Input Text" library="SeleniumLibrary">
<arg>//*[@id="city"]</arg>
<arg>${city}</arg>
<doc>Types the given ``text`` into the text field identified by ``locator``.</doc>
<msg timestamp="20240129 14:46:23.737" level="INFO">Typing text 'Anchorage' into text field '//*[@id="city"]'.</msg>
<status status="PASS" starttime="20240129 14:46:23.736" endtime="20240129 14:46:23.825"/>
</kw>
<status status="PASS" starttime="20240129 14:46:23.735" endtime="20240129 14:46:23.826"/>
</kw>
<kw name="Input zipcode">
<arg>${zipcode}</arg>
<kw name="Input Text" library="SeleniumLibrary">
<arg>//*[@id="zipcode"]</arg>
<arg>${zipcode}</arg>
<doc>Types the given ``text`` into the text field identified by ``locator``.</doc>
<msg timestamp="20240129 14:46:23.827" level="INFO">Typing text '99540' into text field '//*[@id="zipcode"]'.</msg>
<status status="PASS" starttime="20240129 14:46:23.827" endtime="20240129 14:46:23.912"/>
</kw>
<status status="PASS" starttime="20240129 14:46:23.826" endtime="20240129 14:46:23.913"/>
</kw>
<kw name="Input phoneNumber">
<arg>${phoneNumber}</arg>
<kw name="Input Text" library="SeleniumLibrary">
<arg>//*[@id="mobile_number"]</arg>
<arg>${phoneNumber}</arg>
<doc>Types the given ``text`` into the text field identified by ``locator``.</doc>
<msg timestamp="20240129 14:46:23.915" level="INFO">Typing text '0968269827' into text field '//*[@id="mobile_number"]'.</msg>
<status status="PASS" starttime="20240129 14:46:23.914" endtime="20240129 14:46:24.007"/>
</kw>
<status status="PASS" starttime="20240129 14:46:23.913" endtime="20240129 14:46:24.007"/>
</kw>
<kw name="Click CreateAccount Button">
<kw name="Click Button" library="SeleniumLibrary">
<arg>//*[@id="form"]/div/div/div/div[1]/form/button</arg>
<doc>Clicks the button identified by ``locator``.</doc>
<msg timestamp="20240129 14:46:24.009" level="INFO">Clicking button '//*[@id="form"]/div/div/div/div[1]/form/button'.</msg>
<status status="PASS" starttime="20240129 14:46:24.008" endtime="20240129 14:46:25.367"/>
</kw>
<status status="PASS" starttime="20240129 14:46:24.007" endtime="20240129 14:46:25.368"/>
</kw>
<kw name="Wait Until Page Contains Element" library="SeleniumLibrary">
<arg>//*[@id="form"]/div/div/div/h2/b</arg>
<doc>Waits until the element ``locator`` appears on the current page.</doc>
<status status="PASS" starttime="20240129 14:46:25.368" endtime="20240129 14:46:25.394"/>
</kw>
<kw name="Page Should Contain Element" library="SeleniumLibrary">
<arg>//*[@id="form"]/div/div/div/h2/b</arg>
<doc>Verifies that element ``locator`` is found on the current page.</doc>
<msg timestamp="20240129 14:46:25.406" level="INFO">Current page contains element '//*[@id="form"]/div/div/div/h2/b'.</msg>
<status status="PASS" starttime="20240129 14:46:25.395" endtime="20240129 14:46:25.407"/>
</kw>
<kw name="Click Continue Button">
<kw name="Click Element" library="SeleniumLibrary">
<arg>//*[@id="form"]/div/div/div/div/a</arg>
<doc>Click the element identified by ``locator``.</doc>
<msg timestamp="20240129 14:46:25.409" level="INFO">Clicking element '//*[@id="form"]/div/div/div/div/a'.</msg>
<status status="PASS" starttime="20240129 14:46:25.408" endtime="20240129 14:46:28.075"/>
</kw>
<status status="PASS" starttime="20240129 14:46:25.407" endtime="20240129 14:46:28.076"/>
</kw>
<kw name="Page Should Contain Element" library="SeleniumLibrary">
<arg>//*[@id="header"]/div/div/div/div[2]/div/ul/li[10]/a</arg>
<doc>Verifies that element ``locator`` is found on the current page.</doc>
<msg timestamp="20240129 14:46:28.092" level="INFO">Current page contains element '//*[@id="header"]/div/div/div/div[2]/div/ul/li[10]/a'.</msg>
<status status="PASS" starttime="20240129 14:46:28.077" endtime="20240129 14:46:28.092"/>
</kw>
<kw name="Click DelectAccount Element">
<kw name="Click Element" library="SeleniumLibrary">
<arg>//*[@id="header"]/div/div/div/div[2]/div/ul/li[5]/a</arg>
<doc>Click the element identified by ``locator``.</doc>
<msg timestamp="20240129 14:46:28.096" level="INFO">Clicking element '//*[@id="header"]/div/div/div/div[2]/div/ul/li[5]/a'.</msg>
<status status="PASS" starttime="20240129 14:46:28.094" endtime="20240129 14:46:28.201"/>
</kw>
<status status="PASS" starttime="20240129 14:46:28.093" endtime="20240129 14:46:28.202"/>
</kw>
<kw name="Wait Until Page Contains Element" library="SeleniumLibrary">
<arg>//*[@id="form"]/div/div/div/h2/b</arg>
<doc>Waits until the element ``locator`` appears on the current page.</doc>
<status status="PASS" starttime="20240129 14:46:28.204" endtime="20240129 14:46:32.822"/>
</kw>
<kw name="Page Should Contain Element" library="SeleniumLibrary">
<arg>//*[@id="form"]/div/div/div/h2/b</arg>
<doc>Verifies that element ``locator`` is found on the current page.</doc>
<msg timestamp="20240129 14:46:32.834" level="INFO">Current page contains element '//*[@id="form"]/div/div/div/h2/b'.</msg>
<status status="PASS" starttime="20240129 14:46:32.823" endtime="20240129 14:46:32.835"/>
</kw>
<kw name="Click Continue Button">
<kw name="Click Element" library="SeleniumLibrary">
<arg>//*[@id="form"]/div/div/div/div/a</arg>
<doc>Click the element identified by ``locator``.</doc>
<msg timestamp="20240129 14:46:32.837" level="INFO">Clicking element '//*[@id="form"]/div/div/div/div/a'.</msg>
<status status="PASS" starttime="20240129 14:46:32.836" endtime="20240129 14:46:36.036"/>
</kw>
<status status="PASS" starttime="20240129 14:46:32.835" endtime="20240129 14:46:36.037"/>
</kw>
<doc>Test the login functionality with valid credentials</doc>
<status status="PASS" starttime="20240129 14:46:18.557" endtime="20240129 14:46:36.037"/>
</test>
<doc>This is a sample test suite using Robot Framework</doc>
<status status="PASS" starttime="20240129 14:46:12.692" endtime="20240129 14:46:36.040"/>
</suite>
<statistics>
<total>
<stat pass="1" fail="0" skip="0">All Tests</stat>
</total>
<tag>
</tag>
<suite>
<stat pass="1" fail="0" skip="0" id="s1" name="TestCase1">TestCase1</stat>
</suite>
</statistics>
<errors>
</errors>
</robot>
